0 info it worked if it ends with ok
1 verbose cli [ '/usr/bin/node', '/usr/bin/npm', 'run', 'test:int_cov_html' ]
2 info using npm@3.5.2
3 info using node@v8.10.0
4 verbose run-script [ 'pretest:int_cov_html',
4 verbose run-script   'test:int_cov_html',
4 verbose run-script   'posttest:int_cov_html' ]
5 info lifecycle neon_pulse@1.0.3~pretest:int_cov_html: neon_pulse@1.0.3
6 silly lifecycle neon_pulse@1.0.3~pretest:int_cov_html: no script for pretest:int_cov_html, continuing
7 info lifecycle neon_pulse@1.0.3~test:int_cov_html: neon_pulse@1.0.3
8 verbose lifecycle neon_pulse@1.0.3~test:int_cov_html: unsafe-perm in lifecycle true
9 verbose lifecycle neon_pulse@1.0.3~test:int_cov_html: PATH: /usr/share/npm/bin/node-gyp-bin:/mnt/c/Users/derre/Desktop/Neon_build/node_modules/.bin:/usr/local/sbin:/usr/local/bin:/usr/sbin:/usr/bin:/sbin:/bin:/usr/games:/usr/local/games:/mnt/c/Program Files/AdoptOpenJDK/jdk-8.0.232.09-hotspot/bin:/mnt/c/Program Files/AdoptOpenJDK/jre-8.0.232.09-hotspot/bin:/mnt/c/Windows/system32:/mnt/c/Windows:/mnt/c/Windows/System32/Wbem:/mnt/c/Windows/System32/WindowsPowerShell/v1.0/:/mnt/c/Windows/System32/OpenSSH/:/mnt/c/Program Files/Microsoft VS Code/bin:/mnt/c/Program Files (x86)/NVIDIA Corporation/PhysX/Common:/mnt/c/Program Files/Git/cmd:/mnt/c/Program Files/nodejs/:/mnt/c/ProgramData/chocolatey/bin:/mnt/c/Program Files/Docker/Docker/resources/bin:/mnt/c/ProgramData/DockerDesktop/version-bin:/mnt/c/Ruby26-x64/bin:/mnt/c/Users/derre/AppData/Local/Microsoft/WindowsApps:/mnt/c/Users/derre/AppData/Local/Google/Cloud SDK/google-cloud-sdk/bin:/mnt/c/Users/derre/AppData/Roaming/npm:/mnt/c/Users/derre/AppData/Local/Programs/Python/Python38-32:/snap/bin:/usr/share/rvm/bin
10 verbose lifecycle neon_pulse@1.0.3~test:int_cov_html: CWD: /mnt/c/Users/derre/Desktop/Neon_build
11 silly lifecycle neon_pulse@1.0.3~test:int_cov_html: Args: [ '-c', 'nyc --reporter=html npm run test:int' ]
12 info lifecycle neon_pulse@1.0.3~test:int_cov_html: Failed to exec test:int_cov_html script
13 verbose stack Error: neon_pulse@1.0.3 test:int_cov_html: `nyc --reporter=html npm run test:int`
13 verbose stack spawn ENOENT
13 verbose stack     at ChildProcess.<anonymous> (/usr/share/npm/lib/utils/spawn.js:17:16)
13 verbose stack     at emitTwo (events.js:126:13)
13 verbose stack     at ChildProcess.emit (events.js:214:7)
13 verbose stack     at maybeClose (internal/child_process.js:925:16)
13 verbose stack     at Process.ChildProcess._handle.onexit (internal/child_process.js:209:5)
14 verbose pkgid neon_pulse@1.0.3
15 verbose cwd /mnt/c/Users/derre/Desktop/Neon_build
16 error Linux 4.4.0-18362-Microsoft
17 error argv "/usr/bin/node" "/usr/bin/npm" "run" "test:int_cov_html"
18 error node v8.10.0
19 error npm  v3.5.2
20 error file sh
21 error code ELIFECYCLE
22 error errno ENOENT
23 error syscall spawn
24 error neon_pulse@1.0.3 test:int_cov_html: `nyc --reporter=html npm run test:int`
24 error spawn ENOENT
25 error Failed at the neon_pulse@1.0.3 test:int_cov_html script 'nyc --reporter=html npm run test:int'.
25 error Make sure you have the latest version of node.js and npm installed.
25 error If you do, this is most likely a problem with the neon_pulse package,
25 error not with npm itself.
25 error Tell the author that this fails on your system:
25 error     nyc --reporter=html npm run test:int
25 error You can get information on how to open an issue for this project with:
25 error     npm bugs neon_pulse
25 error Or if that isn't available, you can get their info via:
25 error     npm owner ls neon_pulse
25 error There is likely additional logging output above.
26 verbose exit [ 1, true ]
